# JRE version: Java(TM) SE Runtime Environment (8.0_171-b11) (build 1.8.0_171-b11)
# Java VM: Java HotSpot(TM) 64-Bit Server VM (25.171-b11 mixed mode windows-amd64 compressed oops)
Heap:
 PSYoungGen      total 82432K, used 15643K [0x00000000eab00000, 0x00000000f1400000, 0x0000000100000000)
  eden space 74752K, 20% used [0x00000000eab00000,0x00000000eba46f80,0x00000000ef400000)
  from space 7680K, 0% used [0x00000000eff80000,0x00000000eff80000,0x00000000f0700000)
  to   space 11776K, 0% used [0x00000000ef400000,0x00000000ef400000,0x00000000eff80000)
 ParOldGen       total 36352K, used 17638K [0x00000000c0000000, 0x00000000c2380000, 0x00000000eab00000)
  object space 36352K, 48% used [0x00000000c0000000,0x00000000c11398f8,0x00000000c2380000)
 Metaspace       used 35327K, capacity 36660K, committed 36992K, reserved 1081344K
  class space    used 4609K, capacity 4880K, committed 4992K, reserved 1048576K
GC Heap History (10 events):
Event: 2.818 GC heap before
{Heap before GC invocations=8 (full 1):
 PSYoungGen      total 54784K, used 54375K [0x00000000eab00000, 0x00000000ef680000, 0x0000000100000000)
  eden space 50688K, 100% used [0x00000000eab00000,0x00000000edc80000,0x00000000edc80000)
  from space 4096K, 90% used [0x00000000ef280000,0x00000000ef619d70,0x00000000ef680000)
  to   space 7168K, 0% used [0x00000000ee880000,0x00000000ee880000,0x00000000eef80000)
 ParOldGen       total 36352K, used 8054K [0x00000000c0000000, 0x00000000c2380000, 0x00000000eab00000)
  object space 36352K, 22% used [0x00000000c0000000,0x00000000c07ddbe0,0x00000000c2380000)
 Metaspace       used 24876K, capacity 25668K, committed 25728K, reserved 1071104K
  class space    used 3242K, capacity 3442K, committed 3456K, reserved 1048576K
Event: 2.834 GC heap after
Heap after GC invocations=8 (full 1):
 PSYoungGen      total 70144K, used 5611K [0x00000000eab00000, 0x00000000f0700000, 0x0000000100000000)
  eden space 62976K, 0% used [0x00000000eab00000,0x00000000eab00000,0x00000000ee880000)
  from space 7168K, 78% used [0x00000000ee880000,0x00000000eedfadf0,0x00000000eef80000)
  to   space 7680K, 0% used [0x00000000eff80000,0x00000000eff80000,0x00000000f0700000)
 ParOldGen       total 36352K, used 8054K [0x00000000c0000000, 0x00000000c2380000, 0x00000000eab00000)
  object space 36352K, 22% used [0x00000000c0000000,0x00000000c07ddbe0,0x00000000c2380000)
 Metaspace       used 24876K, capacity 25668K, committed 25728K, reserved 1071104K
  class space    used 3242K, capacity 3442K, committed 3456K, reserved 1048576K
}
Event: 3.999 GC heap before
{Heap before GC invocations=9 (full 1):
 PSYoungGen      total 70144K, used 68587K [0x00000000eab00000, 0x00000000f0700000, 0x0000000100000000)
  eden space 62976K, 100% used [0x00000000eab00000,0x00000000ee880000,0x00000000ee880000)
  from space 7168K, 78% used [0x00000000ee880000,0x00000000eedfadf0,0x00000000eef80000)
  to   space 7680K, 0% used [0x00000000eff80000,0x00000000eff80000,0x00000000f0700000)
 ParOldGen       total 36352K, used 8054K [0x00000000c0000000, 0x00000000c2380000, 0x00000000eab00000)
  object space 36352K, 22% used [0x00000000c0000000,0x00000000c07ddbe0,0x00000000c2380000)
 Metaspace       used 28423K, capacity 29662K, committed 29952K, reserved 1075200K
  class space    used 3721K, capacity 3989K, committed 4096K, reserved 1048576K
Event: 4.023 GC heap after
Heap after GC invocations=9 (full 1):
 PSYoungGen      total 70656K, used 7650K [0x00000000eab00000, 0x00000000f0700000, 0x0000000100000000)
  eden space 62976K, 0% used [0x00000000eab00000,0x00000000eab00000,0x00000000ee880000)
  from space 7680K, 99% used [0x00000000eff80000,0x00000000f06f8b88,0x00000000f0700000)
  to   space 7168K, 0% used [0x00000000ee880000,0x00000000ee880000,0x00000000eef80000)
 ParOldGen       total 36352K, used 9056K [0x00000000c0000000, 0x00000000c2380000, 0x00000000eab00000)
  object space 36352K, 24% used [0x00000000c0000000,0x00000000c08d8280,0x00000000c2380000)
 Metaspace       used 28423K, capacity 29662K, committed 29952K, reserved 1075200K
  class space    used 3721K, capacity 3989K, committed 4096K, reserved 1048576K
}
Event: 5.065 GC heap before
{Heap before GC invocations=10 (full 1):
 PSYoungGen      total 70656K, used 70626K [0x00000000eab00000, 0x00000000f0700000, 0x0000000100000000)
  eden space 62976K, 100% used [0x00000000eab00000,0x00000000ee880000,0x00000000ee880000)
  from space 7680K, 99% used [0x00000000eff80000,0x00000000f06f8b88,0x00000000f0700000)
  to   space 7168K, 0% used [0x00000000ee880000,0x00000000ee880000,0x00000000eef80000)
 ParOldGen       total 36352K, used 9056K [0x00000000c0000000, 0x00000000c2380000, 0x00000000eab00000)
  object space 36352K, 24% used [0x00000000c0000000,0x00000000c08d8280,0x00000000c2380000)
 Metaspace       used 32124K, capacity 33404K, committed 33664K, reserved 1079296K
  class space    used 4179K, capacity 4416K, committed 4480K, reserved 1048576K
Event: 5.084 GC heap after
Heap after GC invocations=10 (full 1):
 PSYoungGen      total 70144K, used 7142K [0x00000000eab00000, 0x00000000f0700000, 0x0000000100000000)
  eden space 62976K, 0% used [0x00000000eab00000,0x00000000eab00000,0x00000000ee880000)
  from space 7168K, 99% used [0x00000000ee880000,0x00000000eef79848,0x00000000eef80000)
  to   space 7680K, 0% used [0x00000000eff80000,0x00000000eff80000,0x00000000f0700000)
 ParOldGen       total 36352K, used 16203K [0x00000000c0000000, 0x00000000c2380000, 0x00000000eab00000)
  object space 36352K, 44% used [0x00000000c0000000,0x00000000c0fd2d90,0x00000000c2380000)
 Metaspace       used 32124K, capacity 33404K, committed 33664K, reserved 1079296K
  class space    used 4179K, capacity 4416K, committed 4480K, reserved 1048576K
}
Event: 5.373 GC heap before
{Heap before GC invocations=11 (full 1):
 PSYoungGen      total 70144K, used 23153K [0x00000000eab00000, 0x00000000f0700000, 0x0000000100000000)
  eden space 62976K, 25% used [0x00000000eab00000,0x00000000ebaa2c78,0x00000000ee880000)
  from space 7168K, 99% used [0x00000000ee880000,0x00000000eef79848,0x00000000eef80000)
  to   space 7680K, 0% used [0x00000000eff80000,0x00000000eff80000,0x00000000f0700000)
 ParOldGen       total 36352K, used 16203K [0x00000000c0000000, 0x00000000c2380000, 0x00000000eab00000)
  object space 36352K, 44% used [0x00000000c0000000,0x00000000c0fd2d90,0x00000000c2380000)
 Metaspace       used 34056K, capacity 35288K, committed 35456K, reserved 1079296K
  class space    used 4436K, capacity 4680K, committed 4736K, reserved 1048576K
Event: 5.386 GC heap after
Heap after GC invocations=11 (full 1):
 PSYoungGen      total 82432K, used 4242K [0x00000000eab00000, 0x00000000f1400000, 0x0000000100000000)
  eden space 74752K, 0% used [0x00000000eab00000,0x00000000eab00000,0x00000000ef400000)
  from space 7680K, 55% used [0x00000000eff80000,0x00000000f03a4960,0x00000000f0700000)
  to   space 11776K, 0% used [0x00000000ef400000,0x00000000ef400000,0x00000000eff80000)
 ParOldGen       total 36352K, used 20866K [0x00000000c0000000, 0x00000000c2380000, 0x00000000eab00000)
  object space 36352K, 57% used [0x00000000c0000000,0x00000000c14609e8,0x00000000c2380000)
 Metaspace       used 34056K, capacity 35288K, committed 35456K, reserved 1079296K
  class space    used 4436K, capacity 4680K, committed 4736K, reserved 1048576K
}
Event: 5.387 GC heap before
{Heap before GC invocations=12 (full 2):
 PSYoungGen      total 82432K, used 4242K [0x00000000eab00000, 0x00000000f1400000, 0x0000000100000000)
  eden space 74752K, 0% used [0x00000000eab00000,0x00000000eab00000,0x00000000ef400000)
  from space 7680K, 55% used [0x00000000eff80000,0x00000000f03a4960,0x00000000f0700000)
  to   space 11776K, 0% used [0x00000000ef400000,0x00000000ef400000,0x00000000eff80000)
 ParOldGen       total 36352K, used 20866K [0x00000000c0000000, 0x00000000c2380000, 0x00000000eab00000)
  object space 36352K, 57% used [0x00000000c0000000,0x00000000c14609e8,0x00000000c2380000)
 Metaspace       used 34056K, capacity 35288K, committed 35456K, reserved 1079296K
  class space    used 4436K, capacity 4680K, committed 4736K, reserved 1048576K
Event: 5.493 GC heap after
Heap after GC invocations=12 (full 2):
 PSYoungGen      total 82432K, used 0K [0x00000000eab00000, 0x00000000f1400000, 0x0000000100000000)
  eden space 74752K, 0% used [0x00000000eab00000,0x00000000eab00000,0x00000000ef400000)
  from space 7680K, 0% used [0x00000000eff80000,0x00000000eff80000,0x00000000f0700000)
  to   space 11776K, 0% used [0x00000000ef400000,0x00000000ef400000,0x00000000eff80000)
 ParOldGen       total 36352K, used 17638K [0x00000000c0000000, 0x00000000c2380000, 0x00000000eab00000)
  object space 36352K, 48% used [0x00000000c0000000,0x00000000c11398f8,0x00000000c2380000)
 Metaspace       used 34056K, capacity 35288K, committed 35456K, reserved 1079296K
  class space    used 4436K, capacity 4680K, committed 4736K, reserved 1048576K
}

