# JRE version: Java(TM) SE Runtime Environment (8.0_171-b11) (build 1.8.0_171-b11)
# Java VM: Java HotSpot(TM) 64-Bit Server VM (25.171-b11 mixed mode windows-amd64 compressed oops)
Heap:
 PSYoungGen      total 73216K, used 15812K [0x00000000eab00000, 0x00000000f2400000, 0x0000000100000000)
  eden space 65536K, 15% used [0x00000000eab00000,0x00000000eb52d238,0x00000000eeb00000)
  from space 7680K, 70% used [0x00000000eeb00000,0x00000000ef043e80,0x00000000ef280000)
  to   space 7680K, 0% used [0x00000000f1c80000,0x00000000f1c80000,0x00000000f2400000)
 ParOldGen       total 31232K, used 4968K [0x00000000c0000000, 0x00000000c1e80000, 0x00000000eab00000)
  object space 31232K, 15% used [0x00000000c0000000,0x00000000c04da2f0,0x00000000c1e80000)
 Metaspace       used 25304K, capacity 26116K, committed 26368K, reserved 1073152K
  class space    used 3301K, capacity 3506K, committed 3584K, reserved 1048576K
GC Heap History (10 events):
Event: 1.925 GC heap before
{Heap before GC invocations=4 (full 0):
 PSYoungGen      total 18944K, used 18928K [0x00000000eab00000, 0x00000000ed000000, 0x0000000100000000)
  eden space 16384K, 100% used [0x00000000eab00000,0x00000000ebb00000,0x00000000ebb00000)
  from space 2560K, 99% used [0x00000000ebb00000,0x00000000ebd7c010,0x00000000ebd80000)
  to   space 2560K, 0% used [0x00000000ecd80000,0x00000000ecd80000,0x00000000ed000000)
 ParOldGen       total 44032K, used 4218K [0x00000000c0000000, 0x00000000c2b00000, 0x00000000eab00000)
  object space 44032K, 9% used [0x00000000c0000000,0x00000000c041e860,0x00000000c2b00000)
 Metaspace       used 15020K, capacity 15468K, committed 15744K, reserved 1062912K
  class space    used 1997K, capacity 2122K, committed 2176K, reserved 1048576K
Event: 1.933 GC heap after
Heap after GC invocations=4 (full 0):
 PSYoungGen      total 35328K, used 2528K [0x00000000eab00000, 0x00000000ed000000, 0x0000000100000000)
  eden space 32768K, 0% used [0x00000000eab00000,0x00000000eab00000,0x00000000ecb00000)
  from space 2560K, 98% used [0x00000000ecd80000,0x00000000ecff8020,0x00000000ed000000)
  to   space 2560K, 0% used [0x00000000ecb00000,0x00000000ecb00000,0x00000000ecd80000)
 ParOldGen       total 44032K, used 6477K [0x00000000c0000000, 0x00000000c2b00000, 0x00000000eab00000)
  object space 44032K, 14% used [0x00000000c0000000,0x00000000c06536a8,0x00000000c2b00000)
 Metaspace       used 15020K, capacity 15468K, committed 15744K, reserved 1062912K
  class space    used 1997K, capacity 2122K, committed 2176K, reserved 1048576K
}
Event: 2.326 GC heap before
{Heap before GC invocations=5 (full 0):
 PSYoungGen      total 35328K, used 35296K [0x00000000eab00000, 0x00000000ed000000, 0x0000000100000000)
  eden space 32768K, 100% used [0x00000000eab00000,0x00000000ecb00000,0x00000000ecb00000)
  from space 2560K, 98% used [0x00000000ecd80000,0x00000000ecff8020,0x00000000ed000000)
  to   space 2560K, 0% used [0x00000000ecb00000,0x00000000ecb00000,0x00000000ecd80000)
 ParOldGen       total 44032K, used 6477K [0x00000000c0000000, 0x00000000c2b00000, 0x00000000eab00000)
  object space 44032K, 14% used [0x00000000c0000000,0x00000000c06536a8,0x00000000c2b00000)
 Metaspace       used 20152K, capacity 20696K, committed 20992K, reserved 1067008K
  class space    used 2625K, capacity 2770K, committed 2816K, reserved 1048576K
Event: 2.339 GC heap after
Heap after GC invocations=5 (full 0):
 PSYoungGen      total 35328K, used 2560K [0x00000000eab00000, 0x00000000efa00000, 0x0000000100000000)
  eden space 32768K, 0% used [0x00000000eab00000,0x00000000eab00000,0x00000000ecb00000)
  from space 2560K, 100% used [0x00000000ecb00000,0x00000000ecd80000,0x00000000ecd80000)
  to   space 7680K, 0% used [0x00000000ef280000,0x00000000ef280000,0x00000000efa00000)
 ParOldGen       total 44032K, used 11791K [0x00000000c0000000, 0x00000000c2b00000, 0x00000000eab00000)
  object space 44032K, 26% used [0x00000000c0000000,0x00000000c0b83e58,0x00000000c2b00000)
 Metaspace       used 20152K, capacity 20696K, committed 20992K, reserved 1067008K
  class space    used 2625K, capacity 2770K, committed 2816K, reserved 1048576K
}
Event: 2.453 GC heap before
{Heap before GC invocations=6 (full 0):
 PSYoungGen      total 35328K, used 8122K [0x00000000eab00000, 0x00000000efa00000, 0x0000000100000000)
  eden space 32768K, 16% used [0x00000000eab00000,0x00000000eb06e930,0x00000000ecb00000)
  from space 2560K, 100% used [0x00000000ecb00000,0x00000000ecd80000,0x00000000ecd80000)
  to   space 7680K, 0% used [0x00000000ef280000,0x00000000ef280000,0x00000000efa00000)
 ParOldGen       total 44032K, used 11791K [0x00000000c0000000, 0x00000000c2b00000, 0x00000000eab00000)
  object space 44032K, 26% used [0x00000000c0000000,0x00000000c0b83e58,0x00000000c2b00000)
 Metaspace       used 20694K, capacity 21202K, committed 21296K, reserved 1067008K
  class space    used 2693K, capacity 2851K, committed 2944K, reserved 1048576K
Event: 2.464 GC heap after
Heap after GC invocations=6 (full 0):
 PSYoungGen      total 73216K, used 3255K [0x00000000eab00000, 0x00000000efa00000, 0x0000000100000000)
  eden space 65536K, 0% used [0x00000000eab00000,0x00000000eab00000,0x00000000eeb00000)
  from space 7680K, 42% used [0x00000000ef280000,0x00000000ef5adf58,0x00000000efa00000)
  to   space 7680K, 0% used [0x00000000eeb00000,0x00000000eeb00000,0x00000000ef280000)
 ParOldGen       total 44032K, used 11791K [0x00000000c0000000, 0x00000000c2b00000, 0x00000000eab00000)
  object space 44032K, 26% used [0x00000000c0000000,0x00000000c0b83e58,0x00000000c2b00000)
 Metaspace       used 20694K, capacity 21202K, committed 21296K, reserved 1067008K
  class space    used 2693K, capacity 2851K, committed 2944K, reserved 1048576K
}
Event: 2.464 GC heap before
{Heap before GC invocations=7 (full 1):
 PSYoungGen      total 73216K, used 3255K [0x00000000eab00000, 0x00000000efa00000, 0x0000000100000000)
  eden space 65536K, 0% used [0x00000000eab00000,0x00000000eab00000,0x00000000eeb00000)
  from space 7680K, 42% used [0x00000000ef280000,0x00000000ef5adf58,0x00000000efa00000)
  to   space 7680K, 0% used [0x00000000eeb00000,0x00000000eeb00000,0x00000000ef280000)
 ParOldGen       total 44032K, used 11791K [0x00000000c0000000, 0x00000000c2b00000, 0x00000000eab00000)
  object space 44032K, 26% used [0x00000000c0000000,0x00000000c0b83e58,0x00000000c2b00000)
 Metaspace       used 20694K, capacity 21202K, committed 21296K, reserved 1067008K
  class space    used 2693K, capacity 2851K, committed 2944K, reserved 1048576K
Event: 2.507 GC heap after
Heap after GC invocations=7 (full 1):
 PSYoungGen      total 73216K, used 0K [0x00000000eab00000, 0x00000000efa00000, 0x0000000100000000)
  eden space 65536K, 0% used [0x00000000eab00000,0x00000000eab00000,0x00000000eeb00000)
  from space 7680K, 0% used [0x00000000ef280000,0x00000000ef280000,0x00000000efa00000)
  to   space 7680K, 0% used [0x00000000eeb00000,0x00000000eeb00000,0x00000000ef280000)
 ParOldGen       total 31232K, used 4960K [0x00000000c0000000, 0x00000000c1e80000, 0x00000000eab00000)
  object space 31232K, 15% used [0x00000000c0000000,0x00000000c04d82f0,0x00000000c1e80000)
 Metaspace       used 20694K, capacity 21202K, committed 21296K, reserved 1067008K
  class space    used 2693K, capacity 2851K, committed 2944K, reserved 1048576K
}
Event: 3.324 GC heap before
{Heap before GC invocations=8 (full 1):
 PSYoungGen      total 73216K, used 65536K [0x00000000eab00000, 0x00000000efa00000, 0x0000000100000000)
  eden space 65536K, 100% used [0x00000000eab00000,0x00000000eeb00000,0x00000000eeb00000)
  from space 7680K, 0% used [0x00000000ef280000,0x00000000ef280000,0x00000000efa00000)
  to   space 7680K, 0% used [0x00000000eeb00000,0x00000000eeb00000,0x00000000ef280000)
 ParOldGen       total 31232K, used 4960K [0x00000000c0000000, 0x00000000c1e80000, 0x00000000eab00000)
  object space 31232K, 15% used [0x00000000c0000000,0x00000000c04d82f0,0x00000000c1e80000)
 Metaspace       used 24406K, capacity 25138K, committed 25472K, reserved 1071104K
  class space    used 3172K, capacity 3367K, committed 3456K, reserved 1048576K
Event: 3.337 GC heap after
Heap after GC invocations=8 (full 1):
 PSYoungGen      total 73216K, used 5391K [0x00000000eab00000, 0x00000000f2400000, 0x0000000100000000)
  eden space 65536K, 0% used [0x00000000eab00000,0x00000000eab00000,0x00000000eeb00000)
  from space 7680K, 70% used [0x00000000eeb00000,0x00000000ef043e80,0x00000000ef280000)
  to   space 7680K, 0% used [0x00000000f1c80000,0x00000000f1c80000,0x00000000f2400000)
 ParOldGen       total 31232K, used 4968K [0x00000000c0000000, 0x00000000c1e80000, 0x00000000eab00000)
  object space 31232K, 15% used [0x00000000c0000000,0x00000000c04da2f0,0x00000000c1e80000)
 Metaspace       used 24406K, capacity 25138K, committed 25472K, reserved 1071104K
  class space    used 3172K, capacity 3367K, committed 3456K, reserved 1048576K
}

