# JRE version: Java(TM) SE Runtime Environment (8.0_171-b11) (build 1.8.0_171-b11)
# Java VM: Java HotSpot(TM) 64-Bit Server VM (25.171-b11 mixed mode windows-amd64 compressed oops)
Heap:
 PSYoungGen      total 112128K, used 63290K [0x00000000eab00000, 0x00000000f2200000, 0x0000000100000000)
  eden space 104448K, 53% used [0x00000000eab00000,0x00000000ee1533d8,0x00000000f1100000)
  from space 7680K, 99% used [0x00000000f1a80000,0x00000000f21fb7b8,0x00000000f2200000)
  to   space 8704K, 0% used [0x00000000f1100000,0x00000000f1100000,0x00000000f1980000)
 ParOldGen       total 32768K, used 6265K [0x00000000c0000000, 0x00000000c2000000, 0x00000000eab00000)
  object space 32768K, 19% used [0x00000000c0000000,0x00000000c061e6a0,0x00000000c2000000)
 Metaspace       used 31788K, capacity 33042K, committed 33328K, reserved 1079296K
  class space    used 4120K, capacity 4381K, committed 4400K, reserved 1048576K
GC Heap History (10 events):
Event: 2.449 GC heap before
{Heap before GC invocations=5 (full 0):
 PSYoungGen      total 35328K, used 35319K [0x00000000eab00000, 0x00000000ed000000, 0x0000000100000000)
  eden space 32768K, 100% used [0x00000000eab00000,0x00000000ecb00000,0x00000000ecb00000)
  from space 2560K, 99% used [0x00000000ecd80000,0x00000000ecffdde8,0x00000000ed000000)
  to   space 2560K, 0% used [0x00000000ecb00000,0x00000000ecb00000,0x00000000ecd80000)
 ParOldGen       total 44032K, used 6359K [0x00000000c0000000, 0x00000000c2b00000, 0x00000000eab00000)
  object space 44032K, 14% used [0x00000000c0000000,0x00000000c0635ed0,0x00000000c2b00000)
 Metaspace       used 19978K, capacity 20524K, committed 20736K, reserved 1067008K
  class space    used 2586K, capacity 2728K, committed 2816K, reserved 1048576K
Event: 2.460 GC heap after
Heap after GC invocations=5 (full 0):
 PSYoungGen      total 35328K, used 2544K [0x00000000eab00000, 0x00000000efa00000, 0x0000000100000000)
  eden space 32768K, 0% used [0x00000000eab00000,0x00000000eab00000,0x00000000ecb00000)
  from space 2560K, 99% used [0x00000000ecb00000,0x00000000ecd7c010,0x00000000ecd80000)
  to   space 7680K, 0% used [0x00000000ef280000,0x00000000ef280000,0x00000000efa00000)
 ParOldGen       total 44032K, used 11615K [0x00000000c0000000, 0x00000000c2b00000, 0x00000000eab00000)
  object space 44032K, 26% used [0x00000000c0000000,0x00000000c0b57d20,0x00000000c2b00000)
 Metaspace       used 19978K, capacity 20524K, committed 20736K, reserved 1067008K
  class space    used 2586K, capacity 2728K, committed 2816K, reserved 1048576K
}
Event: 2.606 GC heap before
{Heap before GC invocations=6 (full 0):
 PSYoungGen      total 35328K, used 11526K [0x00000000eab00000, 0x00000000efa00000, 0x0000000100000000)
  eden space 32768K, 27% used [0x00000000eab00000,0x00000000eb3c5880,0x00000000ecb00000)
  from space 2560K, 99% used [0x00000000ecb00000,0x00000000ecd7c010,0x00000000ecd80000)
  to   space 7680K, 0% used [0x00000000ef280000,0x00000000ef280000,0x00000000efa00000)
 ParOldGen       total 44032K, used 11615K [0x00000000c0000000, 0x00000000c2b00000, 0x00000000eab00000)
  object space 44032K, 26% used [0x00000000c0000000,0x00000000c0b57d20,0x00000000c2b00000)
 Metaspace       used 20738K, capacity 21278K, committed 21296K, reserved 1067008K
  class space    used 2694K, capacity 2853K, committed 2864K, reserved 1048576K
Event: 2.614 GC heap after
Heap after GC invocations=6 (full 0):
 PSYoungGen      total 73216K, used 3844K [0x00000000eab00000, 0x00000000efa00000, 0x0000000100000000)
  eden space 65536K, 0% used [0x00000000eab00000,0x00000000eab00000,0x00000000eeb00000)
  from space 7680K, 50% used [0x00000000ef280000,0x00000000ef6411c0,0x00000000efa00000)
  to   space 7680K, 0% used [0x00000000eeb00000,0x00000000eeb00000,0x00000000ef280000)
 ParOldGen       total 44032K, used 11615K [0x00000000c0000000, 0x00000000c2b00000, 0x00000000eab00000)
  object space 44032K, 26% used [0x00000000c0000000,0x00000000c0b57d20,0x00000000c2b00000)
 Metaspace       used 20738K, capacity 21278K, committed 21296K, reserved 1067008K
  class space    used 2694K, capacity 2853K, committed 2864K, reserved 1048576K
}
Event: 2.614 GC heap before
{Heap before GC invocations=7 (full 1):
 PSYoungGen      total 73216K, used 3844K [0x00000000eab00000, 0x00000000efa00000, 0x0000000100000000)
  eden space 65536K, 0% used [0x00000000eab00000,0x00000000eab00000,0x00000000eeb00000)
  from space 7680K, 50% used [0x00000000ef280000,0x00000000ef6411c0,0x00000000efa00000)
  to   space 7680K, 0% used [0x00000000eeb00000,0x00000000eeb00000,0x00000000ef280000)
 ParOldGen       total 44032K, used 11615K [0x00000000c0000000, 0x00000000c2b00000, 0x00000000eab00000)
  object space 44032K, 26% used [0x00000000c0000000,0x00000000c0b57d20,0x00000000c2b00000)
 Metaspace       used 20738K, capacity 21278K, committed 21296K, reserved 1067008K
  class space    used 2694K, capacity 2853K, committed 2864K, reserved 1048576K
Event: 2.654 GC heap after
Heap after GC invocations=7 (full 1):
 PSYoungGen      total 73216K, used 0K [0x00000000eab00000, 0x00000000efa00000, 0x0000000100000000)
  eden space 65536K, 0% used [0x00000000eab00000,0x00000000eab00000,0x00000000eeb00000)
  from space 7680K, 0% used [0x00000000ef280000,0x00000000ef280000,0x00000000efa00000)
  to   space 7680K, 0% used [0x00000000eeb00000,0x00000000eeb00000,0x00000000ef280000)
 ParOldGen       total 32768K, used 5616K [0x00000000c0000000, 0x00000000c2000000, 0x00000000eab00000)
  object space 32768K, 17% used [0x00000000c0000000,0x00000000c057c268,0x00000000c2000000)
 Metaspace       used 20738K, capacity 21278K, committed 21296K, reserved 1067008K
  class space    used 2694K, capacity 2853K, committed 2864K, reserved 1048576K
}
Event: 3.313 GC heap before
{Heap before GC invocations=8 (full 1):
 PSYoungGen      total 73216K, used 65536K [0x00000000eab00000, 0x00000000efa00000, 0x0000000100000000)
  eden space 65536K, 100% used [0x00000000eab00000,0x00000000eeb00000,0x00000000eeb00000)
  from space 7680K, 0% used [0x00000000ef280000,0x00000000ef280000,0x00000000efa00000)
  to   space 7680K, 0% used [0x00000000eeb00000,0x00000000eeb00000,0x00000000ef280000)
 ParOldGen       total 32768K, used 5616K [0x00000000c0000000, 0x00000000c2000000, 0x00000000eab00000)
  object space 32768K, 17% used [0x00000000c0000000,0x00000000c057c268,0x00000000c2000000)
 Metaspace       used 24733K, capacity 25508K, committed 25776K, reserved 1071104K
  class space    used 3213K, capacity 3410K, committed 3504K, reserved 1048576K
Event: 3.321 GC heap after
Heap after GC invocations=8 (full 1):
 PSYoungGen      total 73216K, used 5398K [0x00000000eab00000, 0x00000000f2200000, 0x0000000100000000)
  eden space 65536K, 0% used [0x00000000eab00000,0x00000000eab00000,0x00000000eeb00000)
  from space 7680K, 70% used [0x00000000eeb00000,0x00000000ef0459a0,0x00000000ef280000)
  to   space 7680K, 0% used [0x00000000f1a80000,0x00000000f1a80000,0x00000000f2200000)
 ParOldGen       total 32768K, used 5688K [0x00000000c0000000, 0x00000000c2000000, 0x00000000eab00000)
  object space 32768K, 17% used [0x00000000c0000000,0x00000000c058e278,0x00000000c2000000)
 Metaspace       used 24733K, capacity 25508K, committed 25776K, reserved 1071104K
  class space    used 3213K, capacity 3410K, committed 3504K, reserved 1048576K
}
Event: 4.379 GC heap before
{Heap before GC invocations=9 (full 1):
 PSYoungGen      total 73216K, used 70934K [0x00000000eab00000, 0x00000000f2200000, 0x0000000100000000)
  eden space 65536K, 100% used [0x00000000eab00000,0x00000000eeb00000,0x00000000eeb00000)
  from space 7680K, 70% used [0x00000000eeb00000,0x00000000ef0459a0,0x00000000ef280000)
  to   space 7680K, 0% used [0x00000000f1a80000,0x00000000f1a80000,0x00000000f2200000)
 ParOldGen       total 32768K, used 5688K [0x00000000c0000000, 0x00000000c2000000, 0x00000000eab00000)
  object space 32768K, 17% used [0x00000000c0000000,0x00000000c058e278,0x00000000c2000000)
 Metaspace       used 28457K, capacity 29682K, committed 29872K, reserved 1075200K
  class space    used 3721K, capacity 3991K, committed 4016K, reserved 1048576K
Event: 4.394 GC heap after
Heap after GC invocations=9 (full 1):
 PSYoungGen      total 112128K, used 7661K [0x00000000eab00000, 0x00000000f2200000, 0x0000000100000000)
  eden space 104448K, 0% used [0x00000000eab00000,0x00000000eab00000,0x00000000f1100000)
  from space 7680K, 99% used [0x00000000f1a80000,0x00000000f21fb7b8,0x00000000f2200000)
  to   space 8704K, 0% used [0x00000000f1100000,0x00000000f1100000,0x00000000f1980000)
 ParOldGen       total 32768K, used 6265K [0x00000000c0000000, 0x00000000c2000000, 0x00000000eab00000)
  object space 32768K, 19% used [0x00000000c0000000,0x00000000c061e6a0,0x00000000c2000000)
 Metaspace       used 28457K, capacity 29682K, committed 29872K, reserved 1075200K
  class space    used 3721K, capacity 3991K, committed 4016K, reserved 1048576K
}

